Analysis & Synthesis report for CPU0_simu
Thu Apr 22 21:47:00 2021
Quartus Prime Version 18.0.0 Build 614 04/24/2018 SJ Lite Edition


---------------------
; Table of Contents ;
---------------------
  1. Legal Notice
  2. Analysis & Synthesis Summary
  3. Analysis & Synthesis Settings
  4. Parallel Compilation
  5. Analysis & Synthesis Source Files Read
  6. Analysis & Synthesis Resource Usage Summary
  7. Analysis & Synthesis Resource Utilization by Entity
  8. Analysis & Synthesis DSP Block Usage Summary
  9. Registers Removed During Synthesis
 10. General Register Statistics
 11. Multiplexer Restructuring Statistics (Restructuring Performed)
 12. Parameter Settings for User Entity Instance: Top-level Entity: |cpu0
 13. Parameter Settings for Inferred Entity Instance: lpm_divide:Div0
 14. Post-Synthesis Netlist Statistics for Top Partition
 15. Elapsed Time Per Partition
 16. Analysis & Synthesis Messages



----------------
; Legal Notice ;
----------------
Copyright (C) 2018  Intel Corporation. All rights reserved.
Your use of Intel Corporation's design tools, logic functions 
and other software and tools, and its AMPP partner logic 
functions, and any output files from any of the foregoing 
(including device programming or simulation files), and any 
associated documentation or information are expressly subject 
to the terms and conditions of the Intel Program License 
Subscription Agreement, the Intel Quartus Prime License Agreement,
the Intel FPGA IP License Agreement, or other applicable license
agreement, including, without limitation, that your use is for
the sole purpose of programming logic devices manufactured by
Intel and sold by Intel or its authorized distributors.  Please
refer to the applicable agreement for further details.



+-------------------------------------------------------------------------------+
; Analysis & Synthesis Summary                                                  ;
+---------------------------------+---------------------------------------------+
; Analysis & Synthesis Status     ; Successful - Thu Apr 22 21:47:00 2021       ;
; Quartus Prime Version           ; 18.0.0 Build 614 04/24/2018 SJ Lite Edition ;
; Revision Name                   ; CPU0_simu                                   ;
; Top-level Entity Name           ; cpu0                                        ;
; Family                          ; Cyclone V                                   ;
; Logic utilization (in ALMs)     ; N/A                                         ;
; Total registers                 ; 774                                         ;
; Total pins                      ; 205                                         ;
; Total virtual pins              ; 0                                           ;
; Total block memory bits         ; 0                                           ;
; Total DSP Blocks                ; 2                                           ;
; Total HSSI RX PCSs              ; 0                                           ;
; Total HSSI PMA RX Deserializers ; 0                                           ;
; Total HSSI TX PCSs              ; 0                                           ;
; Total HSSI PMA TX Serializers   ; 0                                           ;
; Total PLLs                      ; 0                                           ;
; Total DLLs                      ; 0                                           ;
+---------------------------------+---------------------------------------------+


+---------------------------------------------------------------------------------------------------------------------------+
; Analysis & Synthesis Settings                                                                                             ;
+---------------------------------------------------------------------------------+--------------------+--------------------+
; Option                                                                          ; Setting            ; Default Value      ;
+---------------------------------------------------------------------------------+--------------------+--------------------+
; Device                                                                          ; 5CGXFC9D6F27C7     ;                    ;
; Top-level entity name                                                           ; cpu0               ; CPU0_simu          ;
; Family name                                                                     ; Cyclone V          ; Cyclone V          ;
; Use smart compilation                                                           ; Off                ; Off                ;
; Enable parallel Assembler and Timing Analyzer during compilation                ; On                 ; On                 ;
; Enable compact report table                                                     ; Off                ; Off                ;
; Restructure Multiplexers                                                        ; Auto               ; Auto               ;
; MLAB Add Timing Constraints For Mixed-Port Feed-Through Mode Setting Don't Care ; Off                ; Off                ;
; Create Debugging Nodes for IP Cores                                             ; Off                ; Off                ;
; Preserve fewer node names                                                       ; On                 ; On                 ;
; Intel FPGA IP Evaluation Mode                                                   ; Enable             ; Enable             ;
; Verilog Version                                                                 ; Verilog_2001       ; Verilog_2001       ;
; VHDL Version                                                                    ; VHDL_1993          ; VHDL_1993          ;
; State Machine Processing                                                        ; Auto               ; Auto               ;
; Safe State Machine                                                              ; Off                ; Off                ;
; Extract Verilog State Machines                                                  ; On                 ; On                 ;
; Extract VHDL State Machines                                                     ; On                 ; On                 ;
; Ignore Verilog initial constructs                                               ; Off                ; Off                ;
; Iteration limit for constant Verilog loops                                      ; 5000               ; 5000               ;
; Iteration limit for non-constant Verilog loops                                  ; 250                ; 250                ;
; Add Pass-Through Logic to Inferred RAMs                                         ; On                 ; On                 ;
; Infer RAMs from Raw Logic                                                       ; On                 ; On                 ;
; Parallel Synthesis                                                              ; On                 ; On                 ;
; DSP Block Balancing                                                             ; Auto               ; Auto               ;
; NOT Gate Push-Back                                                              ; On                 ; On                 ;
; Power-Up Don't Care                                                             ; On                 ; On                 ;
; Remove Redundant Logic Cells                                                    ; Off                ; Off                ;
; Remove Duplicate Registers                                                      ; On                 ; On                 ;
; Ignore CARRY Buffers                                                            ; Off                ; Off                ;
; Ignore CASCADE Buffers                                                          ; Off                ; Off                ;
; Ignore GLOBAL Buffers                                                           ; Off                ; Off                ;
; Ignore ROW GLOBAL Buffers                                                       ; Off                ; Off                ;
; Ignore LCELL Buffers                                                            ; Off                ; Off                ;
; Ignore SOFT Buffers                                                             ; On                 ; On                 ;
; Limit AHDL Integers to 32 Bits                                                  ; Off                ; Off                ;
; Optimization Technique                                                          ; Balanced           ; Balanced           ;
; Carry Chain Length                                                              ; 70                 ; 70                 ;
; Auto Carry Chains                                                               ; On                 ; On                 ;
; Auto Open-Drain Pins                                                            ; On                 ; On                 ;
; Perform WYSIWYG Primitive Resynthesis                                           ; Off                ; Off                ;
; Auto ROM Replacement                                                            ; On                 ; On                 ;
; Auto RAM Replacement                                                            ; On                 ; On                 ;
; Auto DSP Block Replacement                                                      ; On                 ; On                 ;
; Auto Shift Register Replacement                                                 ; Auto               ; Auto               ;
; Allow Shift Register Merging across Hierarchies                                 ; Auto               ; Auto               ;
; Auto Clock Enable Replacement                                                   ; On                 ; On                 ;
; Strict RAM Replacement                                                          ; Off                ; Off                ;
; Allow Synchronous Control Signals                                               ; On                 ; On                 ;
; Force Use of Synchronous Clear Signals                                          ; Off                ; Off                ;
; Auto Resource Sharing                                                           ; Off                ; Off                ;
; Allow Any RAM Size For Recognition                                              ; Off                ; Off                ;
; Allow Any ROM Size For Recognition                                              ; Off                ; Off                ;
; Allow Any Shift Register Size For Recognition                                   ; Off                ; Off                ;
; Use LogicLock Constraints during Resource Balancing                             ; On                 ; On                 ;
; Ignore translate_off and synthesis_off directives                               ; Off                ; Off                ;
; Timing-Driven Synthesis                                                         ; On                 ; On                 ;
; Report Parameter Settings                                                       ; On                 ; On                 ;
; Report Source Assignments                                                       ; On                 ; On                 ;
; Report Connectivity Checks                                                      ; On                 ; On                 ;
; Ignore Maximum Fan-Out Assignments                                              ; Off                ; Off                ;
; Synchronization Register Chain Length                                           ; 3                  ; 3                  ;
; Power Optimization During Synthesis                                             ; Normal compilation ; Normal compilation ;
; HDL message level                                                               ; Level2             ; Level2             ;
; Suppress Register Optimization Related Messages                                 ; Off                ; Off                ;
; Number of Removed Registers Reported in Synthesis Report                        ; 5000               ; 5000               ;
; Number of Swept Nodes Reported in Synthesis Report                              ; 5000               ; 5000               ;
; Number of Inverted Registers Reported in Synthesis Report                       ; 100                ; 100                ;
; Clock MUX Protection                                                            ; On                 ; On                 ;
; Auto Gated Clock Conversion                                                     ; Off                ; Off                ;
; Block Design Naming                                                             ; Auto               ; Auto               ;
; SDC constraint protection                                                       ; Off                ; Off                ;
; Synthesis Effort                                                                ; Auto               ; Auto               ;
; Shift Register Replacement - Allow Asynchronous Clear Signal                    ; On                 ; On                 ;
; Pre-Mapping Resynthesis Optimization                                            ; Off                ; Off                ;
; Analysis & Synthesis Message Level                                              ; Medium             ; Medium             ;
; Disable Register Merging Across Hierarchies                                     ; Auto               ; Auto               ;
; Resource Aware Inference For Block RAM                                          ; On                 ; On                 ;
; Automatic Parallel Synthesis                                                    ; On                 ; On                 ;
; Partial Reconfiguration Bitstream ID                                            ; Off                ; Off                ;
+---------------------------------------------------------------------------------+--------------------+--------------------+


+------------------------------------------+
; Parallel Compilation                     ;
+----------------------------+-------------+
; Processors                 ; Number      ;
+----------------------------+-------------+
; Number detected on machine ; 6           ;
; Maximum allowed            ; 6           ;
;                            ;             ;
; Average used               ; 1.00        ;
; Maximum used               ; 6           ;
;                            ;             ;
; Usage by Processor         ; % Time Used ;
;     Processor 1            ; 100.0%      ;
;     Processor 2            ;   0.0%      ;
;     Processor 3            ;   0.0%      ;
;     Processor 4            ;   0.0%      ;
;     Processor 5            ;   0.0%      ;
;     Processor 6            ;   0.0%      ;
+----------------------------+-------------+


+--------------------------------------------------------------------------------------------------------------------------------------------------------------------------+
; Analysis & Synthesis Source Files Read                                                                                                                                   ;
+----------------------------------+-----------------+------------------------------+----------------------------------------------------------------------------+---------+
; File Name with User-Entered Path ; Used in Netlist ; File Type                    ; File Name with Absolute Path                                               ; Library ;
+----------------------------------+-----------------+------------------------------+----------------------------------------------------------------------------+---------+
; cpu0.v                           ; yes             ; User Verilog HDL File        ; D:/CHU/chuboy20200402/CPU0/Github Release/CPU0_simu/cpu0.v                 ;         ;
; lpm_divide.tdf                   ; yes             ; Megafunction                 ; c:/intelfpga_lite/18.0/quartus/libraries/megafunctions/lpm_divide.tdf      ;         ;
; abs_divider.inc                  ; yes             ; Megafunction                 ; c:/intelfpga_lite/18.0/quartus/libraries/megafunctions/abs_divider.inc     ;         ;
; sign_div_unsign.inc              ; yes             ; Megafunction                 ; c:/intelfpga_lite/18.0/quartus/libraries/megafunctions/sign_div_unsign.inc ;         ;
; aglobal180.inc                   ; yes             ; Megafunction                 ; c:/intelfpga_lite/18.0/quartus/libraries/megafunctions/aglobal180.inc      ;         ;
; db/lpm_divide_rqo.tdf            ; yes             ; Auto-Generated Megafunction  ; D:/CHU/chuboy20200402/CPU0/Github Release/CPU0_simu/db/lpm_divide_rqo.tdf  ;         ;
; db/abs_divider_4dg.tdf           ; yes             ; Auto-Generated Megafunction  ; D:/CHU/chuboy20200402/CPU0/Github Release/CPU0_simu/db/abs_divider_4dg.tdf ;         ;
; db/alt_u_div_o2f.tdf             ; yes             ; Auto-Generated Megafunction  ; D:/CHU/chuboy20200402/CPU0/Github Release/CPU0_simu/db/alt_u_div_o2f.tdf   ;         ;
; db/lpm_abs_4p9.tdf               ; yes             ; Auto-Generated Megafunction  ; D:/CHU/chuboy20200402/CPU0/Github Release/CPU0_simu/db/lpm_abs_4p9.tdf     ;         ;
+----------------------------------+-----------------+------------------------------+----------------------------------------------------------------------------+---------+


+-----------------------------------------------------------+
; Analysis & Synthesis Resource Usage Summary               ;
+---------------------------------------------+-------------+
; Resource                                    ; Usage       ;
+---------------------------------------------+-------------+
; Estimate of Logic utilization (ALMs needed) ; 2090        ;
;                                             ;             ;
; Combinational ALUT usage for logic          ; 3017        ;
;     -- 7 input functions                    ; 82          ;
;     -- 6 input functions                    ; 996         ;
;     -- 5 input functions                    ; 656         ;
;     -- 4 input functions                    ; 616         ;
;     -- <=3 input functions                  ; 667         ;
;                                             ;             ;
; Dedicated logic registers                   ; 774         ;
;                                             ;             ;
; I/O pins                                    ; 205         ;
;                                             ;             ;
; Total DSP Blocks                            ; 2           ;
;                                             ;             ;
; Maximum fan-out node                        ; clock~input ;
; Maximum fan-out                             ; 774         ;
; Total fan-out                               ; 17432       ;
; Average fan-out                             ; 4.12        ;
+---------------------------------------------+-------------+


+--------------------------------------------------------------------------------------------------------------------------------------------------------------------------------------------------------------------------------------------------------------------------------------+
; Analysis & Synthesis Resource Utilization by Entity                                                                                                                                                                                                                                  ;
+---------------------------------------+---------------------+---------------------------+-------------------+------------+------+--------------+----------------------------------------------------------------------------------------------------+-----------------+--------------+
; Compilation Hierarchy Node            ; Combinational ALUTs ; Dedicated Logic Registers ; Block Memory Bits ; DSP Blocks ; Pins ; Virtual Pins ; Full Hierarchy Name                                                                                ; Entity Name     ; Library Name ;
+---------------------------------------+---------------------+---------------------------+-------------------+------------+------+--------------+----------------------------------------------------------------------------------------------------+-----------------+--------------+
; |cpu0                                 ; 3017 (1773)         ; 774 (774)                 ; 0                 ; 2          ; 205  ; 0            ; |cpu0                                                                                              ; cpu0            ; work         ;
;    |lpm_divide:Div0|                  ; 1244 (0)            ; 0 (0)                     ; 0                 ; 0          ; 0    ; 0            ; |cpu0|lpm_divide:Div0                                                                              ; lpm_divide      ; work         ;
;       |lpm_divide_rqo:auto_generated| ; 1244 (0)            ; 0 (0)                     ; 0                 ; 0          ; 0    ; 0            ; |cpu0|lpm_divide:Div0|lpm_divide_rqo:auto_generated                                                ; lpm_divide_rqo  ; work         ;
;          |abs_divider_4dg:divider|    ; 1244 (64)           ; 0 (0)                     ; 0                 ; 0          ; 0    ; 0            ; |cpu0|lpm_divide:Div0|lpm_divide_rqo:auto_generated|abs_divider_4dg:divider                        ; abs_divider_4dg ; work         ;
;             |alt_u_div_o2f:divider|   ; 1116 (1116)         ; 0 (0)                     ; 0                 ; 0          ; 0    ; 0            ; |cpu0|lpm_divide:Div0|lpm_divide_rqo:auto_generated|abs_divider_4dg:divider|alt_u_div_o2f:divider  ; alt_u_div_o2f   ; work         ;
;             |lpm_abs_4p9:my_abs_den|  ; 32 (32)             ; 0 (0)                     ; 0                 ; 0          ; 0    ; 0            ; |cpu0|lpm_divide:Div0|lpm_divide_rqo:auto_generated|abs_divider_4dg:divider|lpm_abs_4p9:my_abs_den ; lpm_abs_4p9     ; work         ;
;             |lpm_abs_4p9:my_abs_num|  ; 32 (32)             ; 0 (0)                     ; 0                 ; 0          ; 0    ; 0            ; |cpu0|lpm_divide:Div0|lpm_divide_rqo:auto_generated|abs_divider_4dg:divider|lpm_abs_4p9:my_abs_num ; lpm_abs_4p9     ; work         ;
+---------------------------------------+---------------------+---------------------------+-------------------+------------+------+--------------+----------------------------------------------------------------------------------------------------+-----------------+--------------+
Note: For table entries with two numbers listed, the numbers in parentheses indicate the number of resources of the given type used by the specific entity alone. The numbers listed outside of parentheses indicate the total resources of the given type used by the specific entity and all of its sub-entities in the hierarchy.


+-------------------------------------------------+
; Analysis & Synthesis DSP Block Usage Summary    ;
+-----------------------------------+-------------+
; Statistic                         ; Number Used ;
+-----------------------------------+-------------+
; Two Independent 18x18             ; 1           ;
; Sum of two 18x18                  ; 1           ;
; Total number of DSP blocks        ; 2           ;
;                                   ;             ;
; Fixed Point Unsigned Multiplier   ; 1           ;
; Fixed Point Mixed Sign Multiplier ; 2           ;
+-----------------------------------+-------------+


+---------------------------------------------------------------------------------+
; Registers Removed During Synthesis                                              ;
+----------------------------------------+----------------------------------------+
; Register name                          ; Reason for Removal                     ;
+----------------------------------------+----------------------------------------+
; m_w1[1]~reg0                           ; Merged with m_w1[0]~reg0               ;
; c16[16..31]                            ; Merged with c16[15]                    ;
; c24[15]                                ; Merged with c16[15]                    ;
; c24[14]                                ; Merged with c16[14]                    ;
; c24[13]                                ; Merged with c16[13]                    ;
; c24[12]                                ; Merged with c16[12]                    ;
; c24[11]                                ; Merged with c16[11]                    ;
; c24[10]                                ; Merged with c16[10]                    ;
; c24[9]                                 ; Merged with c16[9]                     ;
; c24[8]                                 ; Merged with c16[8]                     ;
; c24[7]                                 ; Merged with c16[7]                     ;
; c24[6]                                 ; Merged with c16[6]                     ;
; c24[5]                                 ; Merged with c16[5]                     ;
; c24[4]                                 ; Merged with c16[4]                     ;
; c5[4]                                  ; Merged with c16[4]                     ;
; c24[3]                                 ; Merged with c16[3]                     ;
; c5[3]                                  ; Merged with c16[3]                     ;
; c24[2]                                 ; Merged with c16[2]                     ;
; c5[2]                                  ; Merged with c16[2]                     ;
; c24[1]                                 ; Merged with c16[1]                     ;
; c5[1]                                  ; Merged with c16[1]                     ;
; c24[0]                                 ; Merged with c16[0]                     ;
; c5[0]                                  ; Merged with c16[0]                     ;
; c24[23..31]                            ; Merged with a[3]                       ;
; c24[22]                                ; Merged with a[2]                       ;
; c24[21]                                ; Merged with a[1]                       ;
; c24[20]                                ; Merged with a[0]                       ;
; m_w1[0]~reg0                           ; Stuck at VCC due to stuck port data_in ;
; Total Number of Removed Registers = 51 ;                                        ;
+----------------------------------------+----------------------------------------+


+------------------------------------------------------+
; General Register Statistics                          ;
+----------------------------------------------+-------+
; Statistic                                    ; Value ;
+----------------------------------------------+-------+
; Total registers                              ; 774   ;
; Number of registers using Synchronous Clear  ; 59    ;
; Number of registers using Synchronous Load   ; 92    ;
; Number of registers using Asynchronous Clear ; 0     ;
; Number of registers using Asynchronous Load  ; 0     ;
; Number of registers using Clock Enable       ; 690   ;
; Number of registers using Preset             ; 0     ;
+----------------------------------------------+-------+


+------------------------------------------------------------------------------------------------------------------------------------------+
; Multiplexer Restructuring Statistics (Restructuring Performed)                                                                           ;
+--------------------+-----------+---------------+----------------------+------------------------+------------+----------------------------+
; Multiplexer Inputs ; Bus Width ; Baseline Area ; Area if Restructured ; Saving if Restructured ; Registered ; Example Multiplexer Output ;
+--------------------+-----------+---------------+----------------------+------------------------+------------+----------------------------+
; 16:1               ; 32 bits   ; 320 LEs       ; 320 LEs              ; 0 LEs                  ; Yes        ; |cpu0|Rc[29]               ;
; 16:1               ; 32 bits   ; 320 LEs       ; 320 LEs              ; 0 LEs                  ; Yes        ; |cpu0|Rb[2]                ;
; 16:1               ; 32 bits   ; 320 LEs       ; 320 LEs              ; 0 LEs                  ; Yes        ; |cpu0|Ra[30]               ;
; 6:1                ; 3 bits    ; 12 LEs        ; 6 LEs                ; 6 LEs                  ; Yes        ; |cpu0|tick[0]~reg0         ;
; 10:1               ; 32 bits   ; 192 LEs       ; 0 LEs                ; 192 LEs                ; Yes        ; |cpu0|mdr[26]~reg0         ;
; 132:1              ; 2 bits    ; 176 LEs       ; 4 LEs                ; 172 LEs                ; Yes        ; |cpu0|mar[1]~reg0          ;
; 260:1              ; 30 bits   ; 5190 LEs      ; 60 LEs               ; 5130 LEs               ; Yes        ; |cpu0|mar[18]~reg0         ;
; 275:1              ; 30 bits   ; 5490 LEs      ; 240 LEs              ; 5250 LEs               ; Yes        ; |cpu0|R[13][20]            ;
; 275:1              ; 31 bits   ; 5673 LEs      ; 248 LEs              ; 5425 LEs               ; Yes        ; |cpu0|R[11][19]            ;
; 275:1              ; 31 bits   ; 5673 LEs      ; 248 LEs              ; 5425 LEs               ; Yes        ; |cpu0|R[10][2]             ;
; 275:1              ; 31 bits   ; 5673 LEs      ; 248 LEs              ; 5425 LEs               ; Yes        ; |cpu0|R[9][5]              ;
; 275:1              ; 31 bits   ; 5673 LEs      ; 248 LEs              ; 5425 LEs               ; Yes        ; |cpu0|R[8][17]             ;
; 275:1              ; 31 bits   ; 5673 LEs      ; 248 LEs              ; 5425 LEs               ; Yes        ; |cpu0|R[7][22]             ;
; 275:1              ; 31 bits   ; 5673 LEs      ; 248 LEs              ; 5425 LEs               ; Yes        ; |cpu0|R[6][28]             ;
; 275:1              ; 31 bits   ; 5673 LEs      ; 248 LEs              ; 5425 LEs               ; Yes        ; |cpu0|R[5][23]             ;
; 275:1              ; 31 bits   ; 5673 LEs      ; 248 LEs              ; 5425 LEs               ; Yes        ; |cpu0|R[4][25]             ;
; 275:1              ; 31 bits   ; 5673 LEs      ; 248 LEs              ; 5425 LEs               ; Yes        ; |cpu0|R[3][22]             ;
; 275:1              ; 31 bits   ; 5673 LEs      ; 248 LEs              ; 5425 LEs               ; Yes        ; |cpu0|R[2][24]             ;
; 275:1              ; 31 bits   ; 5673 LEs      ; 248 LEs              ; 5425 LEs               ; Yes        ; |cpu0|R[1][13]             ;
; 279:1              ; 28 bits   ; 5208 LEs      ; 224 LEs              ; 4984 LEs               ; Yes        ; |cpu0|R[12][2]             ;
; 279:1              ; 2 bits    ; 372 LEs       ; 18 LEs               ; 354 LEs                ; Yes        ; |cpu0|R[12][30]            ;
; 279:1              ; 31 bits   ; 5766 LEs      ; 248 LEs              ; 5518 LEs               ; Yes        ; |cpu0|R[0][2]              ;
; 294:1              ; 29 bits   ; 5684 LEs      ; 290 LEs              ; 5394 LEs               ; Yes        ; |cpu0|R[14][17]            ;
; 4:1                ; 8 bits    ; 16 LEs        ; 16 LEs               ; 0 LEs                  ; No         ; |cpu0|ShiftRight0          ;
; 4:1                ; 8 bits    ; 16 LEs        ; 16 LEs               ; 0 LEs                  ; No         ; |cpu0|ShiftLeft0           ;
; 4:1                ; 8 bits    ; 16 LEs        ; 16 LEs               ; 0 LEs                  ; No         ; |cpu0|ShiftLeft0           ;
; 4:1                ; 2 bits    ; 4 LEs         ; 4 LEs                ; 0 LEs                  ; No         ; |cpu0|ShiftRight0          ;
; 4:1                ; 2 bits    ; 4 LEs         ; 4 LEs                ; 0 LEs                  ; No         ; |cpu0|ShiftRight0          ;
; 4:1                ; 50 bits   ; 100 LEs       ; 100 LEs              ; 0 LEs                  ; No         ; |cpu0|ShiftRight0          ;
; 5:1                ; 24 bits   ; 72 LEs        ; 72 LEs               ; 0 LEs                  ; No         ; |cpu0|ShiftLeft0           ;
; 8:1                ; 8 bits    ; 40 LEs        ; 40 LEs               ; 0 LEs                  ; No         ; |cpu0|ShiftRight0          ;
; 283:1              ; 28 bits   ; 5264 LEs      ; 336 LEs              ; 4928 LEs               ; No         ; |cpu0|R                    ;
+--------------------+-----------+---------------+----------------------+------------------------+------------+----------------------------+


+----------------------------------------------------------------------+
; Parameter Settings for User Entity Instance: Top-level Entity: |cpu0 ;
+----------------+----------+------------------------------------------+
; Parameter Name ; Value    ; Type                                     ;
+----------------+----------+------------------------------------------+
; LD             ; 00000000 ; Unsigned Binary                          ;
; ST             ; 00000001 ; Unsigned Binary                          ;
; LDB            ; 00000010 ; Unsigned Binary                          ;
; STB            ; 00000011 ; Unsigned Binary                          ;
; LDR            ; 00000100 ; Unsigned Binary                          ;
; STR            ; 00000101 ; Unsigned Binary                          ;
; LBR            ; 00000110 ; Unsigned Binary                          ;
; SBR            ; 00000111 ; Unsigned Binary                          ;
; LDI            ; 00001000 ; Unsigned Binary                          ;
; CMP            ; 00010000 ; Unsigned Binary                          ;
; MOV            ; 00010010 ; Unsigned Binary                          ;
; ADD            ; 00010011 ; Unsigned Binary                          ;
; SUB            ; 00010100 ; Unsigned Binary                          ;
; MUL            ; 00010101 ; Unsigned Binary                          ;
; DIV            ; 00010110 ; Unsigned Binary                          ;
; AND            ; 00011000 ; Unsigned Binary                          ;
; OR             ; 00011001 ; Unsigned Binary                          ;
; XOR            ; 00011010 ; Unsigned Binary                          ;
; ROL            ; 00011100 ; Unsigned Binary                          ;
; ROR            ; 00011101 ; Unsigned Binary                          ;
; SHL            ; 00011110 ; Unsigned Binary                          ;
; SHR            ; 00011111 ; Unsigned Binary                          ;
; JEQ            ; 00100000 ; Unsigned Binary                          ;
; JNE            ; 00100001 ; Unsigned Binary                          ;
; JLT            ; 00100010 ; Unsigned Binary                          ;
; JGT            ; 00100011 ; Unsigned Binary                          ;
; JLE            ; 00100100 ; Unsigned Binary                          ;
; JGE            ; 00100101 ; Unsigned Binary                          ;
; JMP            ; 00100110 ; Unsigned Binary                          ;
; SWI            ; 00101010 ; Unsigned Binary                          ;
; CALL           ; 00101011 ; Unsigned Binary                          ;
; RET            ; 00101100 ; Unsigned Binary                          ;
; IRET           ; 00101101 ; Unsigned Binary                          ;
; PUSH           ; 00110000 ; Unsigned Binary                          ;
; POP            ; 00110001 ; Unsigned Binary                          ;
; PUSHB          ; 00110010 ; Unsigned Binary                          ;
; POPB           ; 00110011 ; Unsigned Binary                          ;
; CALLP          ; 01000000 ; Unsigned Binary                          ;
+----------------+----------+------------------------------------------+
Note: In order to hide this table in the UI and the text report file, please set the "Show Parameter Settings in Synthesis Report" option in "Analysis and Synthesis Settings -> More Settings" to "Off".


+------------------------------------------------------------------+
; Parameter Settings for Inferred Entity Instance: lpm_divide:Div0 ;
+------------------------+----------------+------------------------+
; Parameter Name         ; Value          ; Type                   ;
+------------------------+----------------+------------------------+
; LPM_WIDTHN             ; 32             ; Untyped                ;
; LPM_WIDTHD             ; 32             ; Untyped                ;
; LPM_NREPRESENTATION    ; SIGNED         ; Untyped                ;
; LPM_DREPRESENTATION    ; SIGNED         ; Untyped                ;
; LPM_PIPELINE           ; 0              ; Untyped                ;
; LPM_REMAINDERPOSITIVE  ; FALSE          ; Untyped                ;
; MAXIMIZE_SPEED         ; 5              ; Untyped                ;
; CBXI_PARAMETER         ; lpm_divide_rqo ; Untyped                ;
; CARRY_CHAIN            ; MANUAL         ; Untyped                ;
; OPTIMIZE_FOR_SPEED     ; 5              ; Untyped                ;
; AUTO_CARRY_CHAINS      ; ON             ; AUTO_CARRY             ;
; IGNORE_CARRY_BUFFERS   ; OFF            ; IGNORE_CARRY           ;
; AUTO_CASCADE_CHAINS    ; ON             ; AUTO_CASCADE           ;
; IGNORE_CASCADE_BUFFERS ; OFF            ; IGNORE_CASCADE         ;
+------------------------+----------------+------------------------+
Note: In order to hide this table in the UI and the text report file, please set the "Show Parameter Settings in Synthesis Report" option in "Analysis and Synthesis Settings -> More Settings" to "Off".


+-----------------------------------------------------+
; Post-Synthesis Netlist Statistics for Top Partition ;
+-----------------------+-----------------------------+
; Type                  ; Count                       ;
+-----------------------+-----------------------------+
; arriav_ff             ; 774                         ;
;     ENA               ; 539                         ;
;     ENA SCLR          ; 59                          ;
;     ENA SLD           ; 92                          ;
;     plain             ; 84                          ;
; arriav_io_obuf        ; 32                          ;
; arriav_lcell_comb     ; 3018                        ;
;     arith             ; 876                         ;
;         0 data inputs ; 60                          ;
;         1 data inputs ; 91                          ;
;         2 data inputs ; 202                         ;
;         3 data inputs ; 28                          ;
;         4 data inputs ; 2                           ;
;         5 data inputs ; 493                         ;
;     extend            ; 82                          ;
;         7 data inputs ; 82                          ;
;     normal            ; 1987                        ;
;         0 data inputs ; 1                           ;
;         1 data inputs ; 1                           ;
;         2 data inputs ; 109                         ;
;         3 data inputs ; 106                         ;
;         4 data inputs ; 611                         ;
;         5 data inputs ; 163                         ;
;         6 data inputs ; 996                         ;
;     shared            ; 73                          ;
;         0 data inputs ; 3                           ;
;         2 data inputs ; 67                          ;
;         4 data inputs ; 3                           ;
; arriav_mac            ; 2                           ;
; boundary_port         ; 205                         ;
;                       ;                             ;
; Max LUT depth         ; 101.80                      ;
; Average LUT depth     ; 48.36                       ;
+-----------------------+-----------------------------+


+-------------------------------+
; Elapsed Time Per Partition    ;
+----------------+--------------+
; Partition Name ; Elapsed Time ;
+----------------+--------------+
; Top            ; 00:00:22     ;
+----------------+--------------+


+-------------------------------+
; Analysis & Synthesis Messages ;
+-------------------------------+
Info: *******************************************************************
Info: Running Quartus Prime Analysis & Synthesis
    Info: Version 18.0.0 Build 614 04/24/2018 SJ Lite Edition
    Info: Processing started: Thu Apr 22 21:46:28 2021
Info: Command: quartus_map --read_settings_files=on --write_settings_files=off CPU0_simu -c CPU0_simu
Warning (18236): Number of processors has not been specified which may cause overloading on shared machines.  Set the global assignment NUM_PARALLEL_PROCESSORS in your QSF to an appropriate value for best performance.
Info (20030): Parallel compilation is enabled and will use 6 of the 6 processors detected
Info (12021): Found 1 design units, including 1 entities, in source file cpu0.v
    Info (12023): Found entity 1: cpu0 File: D:/CHU/chuboy20200402/CPU0/Github Release/CPU0_simu/cpu0.v Line: 13
Info (12127): Elaborating entity "cpu0" for the top level hierarchy
Warning (10036): Verilog HDL or VHDL warning at cpu0.v(25): object "c12" assigned a value but never read File: D:/CHU/chuboy20200402/CPU0/Github Release/CPU0_simu/cpu0.v Line: 25
Warning (10036): Verilog HDL or VHDL warning at cpu0.v(25): object "ipc" assigned a value but never read File: D:/CHU/chuboy20200402/CPU0/Github Release/CPU0_simu/cpu0.v Line: 25
Warning (10230): Verilog HDL assignment warning at cpu0.v(96): truncated value with size 32 to match size of target (3) File: D:/CHU/chuboy20200402/CPU0/Github Release/CPU0_simu/cpu0.v Line: 96
Info (278001): Inferred 1 megafunctions from design logic
    Info (278004): Inferred divider/modulo megafunction ("lpm_divide") from the following logic: "Div0" File: D:/CHU/chuboy20200402/CPU0/Github Release/CPU0_simu/cpu0.v Line: 135
Info (12130): Elaborated megafunction instantiation "lpm_divide:Div0" File: D:/CHU/chuboy20200402/CPU0/Github Release/CPU0_simu/cpu0.v Line: 135
Info (12133): Instantiated megafunction "lpm_divide:Div0" with the following parameter: File: D:/CHU/chuboy20200402/CPU0/Github Release/CPU0_simu/cpu0.v Line: 135
    Info (12134): Parameter "LPM_WIDTHN" = "32"
    Info (12134): Parameter "LPM_WIDTHD" = "32"
    Info (12134): Parameter "LPM_NREPRESENTATION" = "SIGNED"
    Info (12134): Parameter "LPM_DREPRESENTATION" = "SIGNED"
    Info (12134): Parameter "LPM_HINT" = "LPM_REMAINDERPOSITIVE=FALSE"
Info (12021): Found 1 design units, including 1 entities, in source file db/lpm_divide_rqo.tdf
    Info (12023): Found entity 1: lpm_divide_rqo File: D:/CHU/chuboy20200402/CPU0/Github Release/CPU0_simu/db/lpm_divide_rqo.tdf Line: 24
Info (12021): Found 1 design units, including 1 entities, in source file db/abs_divider_4dg.tdf
    Info (12023): Found entity 1: abs_divider_4dg File: D:/CHU/chuboy20200402/CPU0/Github Release/CPU0_simu/db/abs_divider_4dg.tdf Line: 26
Info (12021): Found 1 design units, including 1 entities, in source file db/alt_u_div_o2f.tdf
    Info (12023): Found entity 1: alt_u_div_o2f File: D:/CHU/chuboy20200402/CPU0/Github Release/CPU0_simu/db/alt_u_div_o2f.tdf Line: 22
Info (12021): Found 1 design units, including 1 entities, in source file db/lpm_abs_4p9.tdf
    Info (12023): Found entity 1: lpm_abs_4p9 File: D:/CHU/chuboy20200402/CPU0/Github Release/CPU0_simu/db/lpm_abs_4p9.tdf Line: 22
Warning (13039): The following bidirectional pins have no drivers
    Warning (13040): bidirectional pin "dbus[0]" has no driver File: D:/CHU/chuboy20200402/CPU0/Github Release/CPU0_simu/cpu0.v Line: 14
    Warning (13040): bidirectional pin "dbus[1]" has no driver File: D:/CHU/chuboy20200402/CPU0/Github Release/CPU0_simu/cpu0.v Line: 14
    Warning (13040): bidirectional pin "dbus[2]" has no driver File: D:/CHU/chuboy20200402/CPU0/Github Release/CPU0_simu/cpu0.v Line: 14
    Warning (13040): bidirectional pin "dbus[3]" has no driver File: D:/CHU/chuboy20200402/CPU0/Github Release/CPU0_simu/cpu0.v Line: 14
    Warning (13040): bidirectional pin "dbus[4]" has no driver File: D:/CHU/chuboy20200402/CPU0/Github Release/CPU0_simu/cpu0.v Line: 14
    Warning (13040): bidirectional pin "dbus[5]" has no driver File: D:/CHU/chuboy20200402/CPU0/Github Release/CPU0_simu/cpu0.v Line: 14
    Warning (13040): bidirectional pin "dbus[6]" has no driver File: D:/CHU/chuboy20200402/CPU0/Github Release/CPU0_simu/cpu0.v Line: 14
    Warning (13040): bidirectional pin "dbus[7]" has no driver File: D:/CHU/chuboy20200402/CPU0/Github Release/CPU0_simu/cpu0.v Line: 14
    Warning (13040): bidirectional pin "dbus[8]" has no driver File: D:/CHU/chuboy20200402/CPU0/Github Release/CPU0_simu/cpu0.v Line: 14
    Warning (13040): bidirectional pin "dbus[9]" has no driver File: D:/CHU/chuboy20200402/CPU0/Github Release/CPU0_simu/cpu0.v Line: 14
    Warning (13040): bidirectional pin "dbus[10]" has no driver File: D:/CHU/chuboy20200402/CPU0/Github Release/CPU0_simu/cpu0.v Line: 14
    Warning (13040): bidirectional pin "dbus[11]" has no driver File: D:/CHU/chuboy20200402/CPU0/Github Release/CPU0_simu/cpu0.v Line: 14
    Warning (13040): bidirectional pin "dbus[12]" has no driver File: D:/CHU/chuboy20200402/CPU0/Github Release/CPU0_simu/cpu0.v Line: 14
    Warning (13040): bidirectional pin "dbus[13]" has no driver File: D:/CHU/chuboy20200402/CPU0/Github Release/CPU0_simu/cpu0.v Line: 14
    Warning (13040): bidirectional pin "dbus[14]" has no driver File: D:/CHU/chuboy20200402/CPU0/Github Release/CPU0_simu/cpu0.v Line: 14
    Warning (13040): bidirectional pin "dbus[15]" has no driver File: D:/CHU/chuboy20200402/CPU0/Github Release/CPU0_simu/cpu0.v Line: 14
    Warning (13040): bidirectional pin "dbus[16]" has no driver File: D:/CHU/chuboy20200402/CPU0/Github Release/CPU0_simu/cpu0.v Line: 14
    Warning (13040): bidirectional pin "dbus[17]" has no driver File: D:/CHU/chuboy20200402/CPU0/Github Release/CPU0_simu/cpu0.v Line: 14
    Warning (13040): bidirectional pin "dbus[18]" has no driver File: D:/CHU/chuboy20200402/CPU0/Github Release/CPU0_simu/cpu0.v Line: 14
    Warning (13040): bidirectional pin "dbus[19]" has no driver File: D:/CHU/chuboy20200402/CPU0/Github Release/CPU0_simu/cpu0.v Line: 14
    Warning (13040): bidirectional pin "dbus[20]" has no driver File: D:/CHU/chuboy20200402/CPU0/Github Release/CPU0_simu/cpu0.v Line: 14
    Warning (13040): bidirectional pin "dbus[21]" has no driver File: D:/CHU/chuboy20200402/CPU0/Github Release/CPU0_simu/cpu0.v Line: 14
    Warning (13040): bidirectional pin "dbus[22]" has no driver File: D:/CHU/chuboy20200402/CPU0/Github Release/CPU0_simu/cpu0.v Line: 14
    Warning (13040): bidirectional pin "dbus[23]" has no driver File: D:/CHU/chuboy20200402/CPU0/Github Release/CPU0_simu/cpu0.v Line: 14
    Warning (13040): bidirectional pin "dbus[24]" has no driver File: D:/CHU/chuboy20200402/CPU0/Github Release/CPU0_simu/cpu0.v Line: 14
    Warning (13040): bidirectional pin "dbus[25]" has no driver File: D:/CHU/chuboy20200402/CPU0/Github Release/CPU0_simu/cpu0.v Line: 14
    Warning (13040): bidirectional pin "dbus[26]" has no driver File: D:/CHU/chuboy20200402/CPU0/Github Release/CPU0_simu/cpu0.v Line: 14
    Warning (13040): bidirectional pin "dbus[27]" has no driver File: D:/CHU/chuboy20200402/CPU0/Github Release/CPU0_simu/cpu0.v Line: 14
    Warning (13040): bidirectional pin "dbus[28]" has no driver File: D:/CHU/chuboy20200402/CPU0/Github Release/CPU0_simu/cpu0.v Line: 14
    Warning (13040): bidirectional pin "dbus[29]" has no driver File: D:/CHU/chuboy20200402/CPU0/Github Release/CPU0_simu/cpu0.v Line: 14
    Warning (13040): bidirectional pin "dbus[30]" has no driver File: D:/CHU/chuboy20200402/CPU0/Github Release/CPU0_simu/cpu0.v Line: 14
    Warning (13040): bidirectional pin "dbus[31]" has no driver File: D:/CHU/chuboy20200402/CPU0/Github Release/CPU0_simu/cpu0.v Line: 14
Warning (13024): Output pins are stuck at VCC or GND
    Warning (13410): Pin "m_w1[0]" is stuck at VCC File: D:/CHU/chuboy20200402/CPU0/Github Release/CPU0_simu/cpu0.v Line: 171
    Warning (13410): Pin "m_w1[1]" is stuck at VCC File: D:/CHU/chuboy20200402/CPU0/Github Release/CPU0_simu/cpu0.v Line: 171
Info (286030): Timing-Driven Synthesis is running
Info (16010): Generating hard_block partition "hard_block:auto_generated_inst"
    Info (16011): Adding 0 node(s), including 0 DDIO, 0 PLL, 0 transceiver and 0 LCELL
Info (21057): Implemented 3784 device resources after synthesis - the final resource count might be different
    Info (21058): Implemented 6 input pins
    Info (21059): Implemented 167 output pins
    Info (21060): Implemented 32 bidirectional pins
    Info (21061): Implemented 3577 logic cells
    Info (21062): Implemented 2 DSP elements
Info: Quartus Prime Analysis & Synthesis was successful. 0 errors, 40 warnings
    Info: Peak virtual memory: 4922 megabytes
    Info: Processing ended: Thu Apr 22 21:47:00 2021
    Info: Elapsed time: 00:00:32
    Info: Total CPU time (on all processors): 00:00:41


