Flow report for CPU0_simu
Mon May 10 10:02:49 2021
Quartus Prime Version 18.0.0 Build 614 04/24/2018 SJ Lite Edition


---------------------
; Table of Contents ;
---------------------
  1. Legal Notice
  2. Flow Summary
  3. Flow Settings
  4. Flow Non-Default Global Settings
  5. Flow Elapsed Time
  6. Flow OS Summary
  7. Flow Log
  8. Flow Messages
  9. Flow Suppressed Messages



----------------
; Legal Notice ;
----------------
Copyright (C) 2018  Intel Corporation. All rights reserved.
Your use of Intel Corporation's design tools, logic functions 
and other software and tools, and its AMPP partner logic 
functions, and any output files from any of the foregoing 
(including device programming or simulation files), and any 
associated documentation or information are expressly subject 
to the terms and conditions of the Intel Program License 
Subscription Agreement, the Intel Quartus Prime License Agreement,
the Intel FPGA IP License Agreement, or other applicable license
agreement, including, without limitation, that your use is for
the sole purpose of programming logic devices manufactured by
Intel and sold by Intel or its authorized distributors.  Please
refer to the applicable agreement for further details.



+-------------------------------------------------------------------------------+
; Flow Summary                                                                  ;
+---------------------------------+---------------------------------------------+
; Flow Status                     ; Successful - Mon May 10 10:02:49 2021       ;
; Quartus Prime Version           ; 18.0.0 Build 614 04/24/2018 SJ Lite Edition ;
; Revision Name                   ; CPU0_simu                                   ;
; Top-level Entity Name           ; cpu0_top                                    ;
; Family                          ; Cyclone V                                   ;
; Device                          ; 5CGXFC9D6F27C7                              ;
; Timing Models                   ; Final                                       ;
; Logic utilization (in ALMs)     ; 2,079 / 113,560 ( 2 % )                     ;
; Total registers                 ; 742                                         ;
; Total pins                      ; 168 / 378 ( 44 % )                          ;
; Total virtual pins              ; 0                                           ;
; Total block memory bits         ; 32,768 / 12,492,800 ( < 1 % )               ;
; Total DSP Blocks                ; 2 / 342 ( < 1 % )                           ;
; Total HSSI RX PCSs              ; 0 / 9 ( 0 % )                               ;
; Total HSSI PMA RX Deserializers ; 0 / 9 ( 0 % )                               ;
; Total HSSI TX PCSs              ; 0 / 9 ( 0 % )                               ;
; Total HSSI PMA TX Serializers   ; 0 / 9 ( 0 % )                               ;
; Total PLLs                      ; 0 / 17 ( 0 % )                              ;
; Total DLLs                      ; 0 / 4 ( 0 % )                               ;
+---------------------------------+---------------------------------------------+


+-----------------------------------------+
; Flow Settings                           ;
+-------------------+---------------------+
; Option            ; Setting             ;
+-------------------+---------------------+
; Start date & time ; 05/10/2021 09:58:45 ;
; Main task         ; Compilation         ;
; Revision Name     ; CPU0_simu           ;
+-------------------+---------------------+


+-------------------------------------------------------------------------------------------------------------------------+
; Flow Non-Default Global Settings                                                                                        ;
+-------------------------------------+----------------------------------------+---------------+-------------+------------+
; Assignment Name                     ; Value                                  ; Default Value ; Entity Name ; Section Id ;
+-------------------------------------+----------------------------------------+---------------+-------------+------------+
; COMPILER_SIGNATURE_ID               ; 10995770589190.162061192525132         ; --            ; --          ; --         ;
; MAX_CORE_JUNCTION_TEMP              ; 85                                     ; --            ; --          ; --         ;
; MIN_CORE_JUNCTION_TEMP              ; 0                                      ; --            ; --          ; --         ;
; MISC_FILE                           ; ram_bb.v                               ; --            ; --          ; --         ;
; PARTITION_COLOR                     ; -- (Not supported for targeted family) ; --            ; cpu0_top    ; Top        ;
; PARTITION_FITTER_PRESERVATION_LEVEL ; -- (Not supported for targeted family) ; --            ; cpu0_top    ; Top        ;
; PARTITION_NETLIST_TYPE              ; -- (Not supported for targeted family) ; --            ; cpu0_top    ; Top        ;
; PROJECT_OUTPUT_DIRECTORY            ; output_files                           ; --            ; --          ; --         ;
; TOP_LEVEL_ENTITY                    ; cpu0_top                               ; CPU0_simu     ; --          ; --         ;
+-------------------------------------+----------------------------------------+---------------+-------------+------------+


+--------------------------------------------------------------------------------------------------------------------------+
; Flow Elapsed Time                                                                                                        ;
+----------------------+--------------+-------------------------+---------------------+------------------------------------+
; Module Name          ; Elapsed Time ; Average Processors Used ; Peak Virtual Memory ; Total CPU Time (on all processors) ;
+----------------------+--------------+-------------------------+---------------------+------------------------------------+
; Analysis & Synthesis ; 00:00:34     ; 1.0                     ; 4933 MB             ; 00:00:36                           ;
; Fitter               ; 00:02:27     ; 1.1                     ; 7341 MB             ; 00:07:42                           ;
; Assembler            ; 00:00:15     ; 1.0                     ; 4866 MB             ; 00:00:13                           ;
; Timing Analyzer      ; 00:00:16     ; 2.9                     ; 5370 MB             ; 00:00:26                           ;
; EDA Netlist Writer   ; 00:00:01     ; 1.0                     ; 4749 MB             ; 00:00:01                           ;
; EDA Netlist Writer   ; 00:00:03     ; 1.0                     ; 4760 MB             ; 00:00:02                           ;
; Total                ; 00:03:36     ; --                      ; --                  ; 00:09:00                           ;
+----------------------+--------------+-------------------------+---------------------+------------------------------------+


+------------------------------------------------------------------------------------+
; Flow OS Summary                                                                    ;
+----------------------+------------------+------------+------------+----------------+
; Module Name          ; Machine Hostname ; OS Name    ; OS Version ; Processor type ;
+----------------------+------------------+------------+------------+----------------+
; Analysis & Synthesis ; DESKTOP-7BUVCIP  ; Windows 10 ; 10.0       ; x86_64         ;
; Fitter               ; DESKTOP-7BUVCIP  ; Windows 10 ; 10.0       ; x86_64         ;
; Assembler            ; DESKTOP-7BUVCIP  ; Windows 10 ; 10.0       ; x86_64         ;
; Timing Analyzer      ; DESKTOP-7BUVCIP  ; Windows 10 ; 10.0       ; x86_64         ;
; EDA Netlist Writer   ; DESKTOP-7BUVCIP  ; Windows 10 ; 10.0       ; x86_64         ;
; EDA Netlist Writer   ; DESKTOP-7BUVCIP  ; Windows 10 ; 10.0       ; x86_64         ;
+----------------------+------------------+------------+------------+----------------+


------------
; Flow Log ;
------------
quartus_map --read_settings_files=on --write_settings_files=off CPU0_simu -c CPU0_simu
quartus_fit --read_settings_files=off --write_settings_files=off CPU0_simu -c CPU0_simu
quartus_asm --read_settings_files=off --write_settings_files=off CPU0_simu -c CPU0_simu
quartus_sta CPU0_simu -c CPU0_simu
quartus_eda --gen_testbench --tool=modelsim_oem --format=verilog --write_settings_files=off CPU0_simu -c CPU0_simu --vector_source="D:/CHU/chuboy20200402/CPU0/Github Release/CPU0_RAM_simu/Waveform.vwf" --testbench_file="D:/CHU/chuboy20200402/CPU0/Github Release/CPU0_RAM_simu/simulation/qsim/Waveform.vwf.vt"
quartus_eda --write_settings_files=off --simulation=on --functional=on --flatten_buses=off --tool=modelsim_oem --format=verilog --output_directory="D:/CHU/chuboy20200402/CPU0/Github Release/CPU0_RAM_simu/simulation/qsim/" CPU0_simu -c CPU0_simu



